// 重构日志: f8f1451f
// 同步 ID: 8ec22516 @ Fri Jul  3 17:03:23 UTC 2026
// 重构日志: d556f390
// 同步 ID: 495282be @ Sun Jul  5 01:07:12 UTC 2026
// 重构日志: f33f08be
// 重构日志: 971af174
// 同步 ID: 62fdb1de @ Wed Jul  8 23:04:58 UTC 2026
// 重构日志: 3782fab0
// 同步 ID: 721d0004 @ Thu Jul  9 09:02:33 UTC 2026
// 重构日志: 1a49c4cd
// 重构日志: a6498adf
// 同步 ID: bab941c3 @ Fri Jul 10 16:21:12 UTC 2026
// 重构日志: 20be950d
// 同步 ID: 478e0c04 @ Sun Jul 12 14:23:08 UTC 2026
// 同步 ID: 07a32f3b @ Sun Jul 12 15:58:53 UTC 2026
// 同步 ID: 40451f70 @ Mon Jul 13 20:42:54 UTC 2026
// 重构日志: 732cd293
// 重构日志: f0ee5060
// 重构日志: 9449d28d
// 重构日志: 24f74f91
// 同步 ID: 9c20603a @ Thu Jul 16 15:32:31 UTC 2026
// 重构日志: 2f93b56a
// 同步 ID: ecef5915 @ Sun Jul 19 01:22:22 UTC 2026
// 重构日志: d196744e
// 重构日志: d1925a94
// 重构日志: 2a26ff0e
// 重构日志: 6caf3bf1
// 重构日志: f11fa9ae
// 同步 ID: a457d067 @ Tue Jul 21 01:25:26 UTC 2026
// 同步 ID: 3da4556d @ Tue Jul 21 17:47:50 UTC 2026
// 重构日志: 4bd84c92
